30-Apr-2026 22:27:14.571 INFO [main] org.apache.catalina.startup.VersionLoggerListener.log Server version name:   Apache Tomcat/11.0.4
30-Apr-2026 22:27:14.577 INFO [main] org.apache.catalina.startup.VersionLoggerListener.log Server built:          Feb 13 2025 10:17:50 UTC
30-Apr-2026 22:27:14.577 INFO [main] org.apache.catalina.startup.VersionLoggerListener.log Server version number: 11.0.4.0
30-Apr-2026 22:27:14.578 INFO [main] org.apache.catalina.startup.VersionLoggerListener.log OS Name:               Windows 11
30-Apr-2026 22:27:14.578 INFO [main] org.apache.catalina.startup.VersionLoggerListener.log OS Version:            10.0
30-Apr-2026 22:27:14.578 INFO [main] org.apache.catalina.startup.VersionLoggerListener.log Architecture:          amd64
30-Apr-2026 22:27:14.578 INFO [main] org.apache.catalina.startup.VersionLoggerListener.log Java Home:             C:\Program Files\Eclipse Adoptium\jdk-17.0.10
30-Apr-2026 22:27:14.579 INFO [main] org.apache.catalina.startup.VersionLoggerListener.log JVM Version:           17.0.18+8
30-Apr-2026 22:27:14.579 INFO [main] org.apache.catalina.startup.VersionLoggerListener.log JVM Vendor:            Eclipse Adoptium
30-Apr-2026 22:27:14.579 INFO [main] org.apache.catalina.startup.VersionLoggerListener.log CATALINA_BASE:         C:\Users\Nimbalkar Koushik\eclipse-workspace\quizz management\src\apache-tomcat-11.0.4
30-Apr-2026 22:27:14.579 INFO [main] org.apache.catalina.startup.VersionLoggerListener.log CATALINA_HOME:         C:\Users\Nimbalkar Koushik\eclipse-workspace\quizz management\src\apache-tomcat-11.0.4
30-Apr-2026 22:27:14.587 INFO [main] org.apache.catalina.startup.VersionLoggerListener.log Command line argument: -Djava.util.logging.config.file=c:\Users\Nimbalkar Koushik\eclipse-workspace\quizz management\src\apache-tomcat-11.0.4\conf\logging.properties
30-Apr-2026 22:27:14.588 INFO [main] org.apache.catalina.startup.VersionLoggerListener.log Command line argument: -Djava.util.logging.manager=org.apache.juli.ClassLoaderLogManager
30-Apr-2026 22:27:14.588 INFO [main] org.apache.catalina.startup.VersionLoggerListener.log Command line argument: -Djdk.tls.ephemeralDHKeySize=2048
30-Apr-2026 22:27:14.588 INFO [main] org.apache.catalina.startup.VersionLoggerListener.log Command line argument: -Dsun.io.useCanonCaches=false
30-Apr-2026 22:27:14.588 INFO [main] org.apache.catalina.startup.VersionLoggerListener.log Command line argument: --add-opens=java.base/java.lang=ALL-UNNAMED
30-Apr-2026 22:27:14.588 INFO [main] org.apache.catalina.startup.VersionLoggerListener.log Command line argument: --add-opens=java.base/java.io=ALL-UNNAMED
30-Apr-2026 22:27:14.588 INFO [main] org.apache.catalina.startup.VersionLoggerListener.log Command line argument: --add-opens=java.base/java.util=ALL-UNNAMED
30-Apr-2026 22:27:14.589 INFO [main] org.apache.catalina.startup.VersionLoggerListener.log Command line argument: --add-opens=java.base/java.util.concurrent=ALL-UNNAMED
30-Apr-2026 22:27:14.589 INFO [main] org.apache.catalina.startup.VersionLoggerListener.log Command line argument: --add-opens=java.rmi/sun.rmi.transport=ALL-UNNAMED
30-Apr-2026 22:27:14.589 INFO [main] org.apache.catalina.startup.VersionLoggerListener.log Command line argument: --enable-native-access=ALL-UNNAMED
30-Apr-2026 22:27:14.589 INFO [main] org.apache.catalina.startup.VersionLoggerListener.log Command line argument: -Dcatalina.base=c:\Users\Nimbalkar Koushik\eclipse-workspace\quizz management\src\apache-tomcat-11.0.4
30-Apr-2026 22:27:14.590 INFO [main] org.apache.catalina.startup.VersionLoggerListener.log Command line argument: -Dcatalina.home=c:\Users\Nimbalkar Koushik\eclipse-workspace\quizz management\src\apache-tomcat-11.0.4
30-Apr-2026 22:27:14.590 INFO [main] org.apache.catalina.startup.VersionLoggerListener.log Command line argument: -Djava.io.tmpdir=c:\Users\Nimbalkar Koushik\eclipse-workspace\quizz management\src\apache-tomcat-11.0.4\temp
30-Apr-2026 22:27:14.594 INFO [main] org.apache.catalina.core.AprLifecycleListener.lifecycleEvent The Apache Tomcat Native library which allows using OpenSSL was not found on the java.library.path: [C:\Program Files\Eclipse Adoptium\jdk-17.0.10\bin;C:\Windows\Sun\Java\bin;C:\Windows\system32;C:\Windows;c:\Users\Nimbalkar Koushik\AppData\Local\Programs\cursor\resources\app\resources\helpers;C:\Program Files\Eclipse Adoptium\jdk-17.0.10\bin;C:\Windows\system32;C:\Windows;C:\Windows\System32\Wbem;C:\Windows\System32\WindowsPowerShell\v1.0\;C:\Windows\System32\OpenSSH\;C:\Program Files\Git\cmd;D:\jdk-25_windows-x64_bin\jdk-25.0.2\bin;C:\Program Files\Docker\Docker\resources\bin;D:\MINOR PROJECT 2\;C:\Program Files\nodejs\;C:\Users\Nimbalkar Koushik\AppData\Local\Programs\Python\Python314\Scripts\;C:\Users\Nimbalkar Koushik\AppData\Local\Programs\Python\Python314\;C:\Users\Nimbalkar Koushik\AppData\Local\Programs\Python\Launcher\;C:\Program Files\nodejs\;C:\Users\Nimbalkar Koushik\AppData\Local\Programs\Microsoft VS Code\bin;C:\Program Files\Eclipse Adoptium\jdk-17.0.10\bin;C:\Users\Nimbalkar Koushik\AppData\Local\Programs\Antigravity\bin;C:\Users\Nimbalkar Koushik\AppData\Local\Programs\Kiro\bin;C:\Users\Nimbalkar Koushik\AppData\Roaming\npm;C:\Users\Nimbalkar Koushik\AppData\Local\Programs\cursor\resources\app\bin;.]
30-Apr-2026 22:27:14.785 INFO [main] org.apache.coyote.AbstractProtocol.init Initializing ProtocolHandler ["http-nio-8080"]
30-Apr-2026 22:27:14.814 INFO [main] org.apache.catalina.startup.Catalina.load Server initialization in [389] milliseconds
30-Apr-2026 22:27:14.900 INFO [main] org.apache.catalina.core.StandardService.startInternal Starting service [Catalina]
30-Apr-2026 22:27:14.901 INFO [main] org.apache.catalina.core.StandardEngine.startInternal Starting Servlet engine: [Apache Tomcat/11.0.4]
30-Apr-2026 22:27:14.918 INFO [main] org.apache.catalina.startup.HostConfig.deployDirectory Deploying web application directory [C:\Users\Nimbalkar Koushik\eclipse-workspace\quizz management\src\apache-tomcat-11.0.4\webapps\docs]
30-Apr-2026 22:27:15.309 INFO [main] org.apache.catalina.startup.HostConfig.deployDirectory Deployment of web application directory [C:\Users\Nimbalkar Koushik\eclipse-workspace\quizz management\src\apache-tomcat-11.0.4\webapps\docs] has finished in [391] ms
30-Apr-2026 22:27:15.310 INFO [main] org.apache.catalina.startup.HostConfig.deployDirectory Deploying web application directory [C:\Users\Nimbalkar Koushik\eclipse-workspace\quizz management\src\apache-tomcat-11.0.4\webapps\examples]
30-Apr-2026 22:27:15.669 INFO [main] org.apache.catalina.startup.HostConfig.deployDirectory Deployment of web application directory [C:\Users\Nimbalkar Koushik\eclipse-workspace\quizz management\src\apache-tomcat-11.0.4\webapps\examples] has finished in [359] ms
30-Apr-2026 22:27:15.669 INFO [main] org.apache.catalina.startup.HostConfig.deployDirectory Deploying web application directory [C:\Users\Nimbalkar Koushik\eclipse-workspace\quizz management\src\apache-tomcat-11.0.4\webapps\host-manager]
30-Apr-2026 22:27:15.704 INFO [main] org.apache.catalina.startup.HostConfig.deployDirectory Deployment of web application directory [C:\Users\Nimbalkar Koushik\eclipse-workspace\quizz management\src\apache-tomcat-11.0.4\webapps\host-manager] has finished in [34] ms
30-Apr-2026 22:27:15.704 INFO [main] org.apache.catalina.startup.HostConfig.deployDirectory Deploying web application directory [C:\Users\Nimbalkar Koushik\eclipse-workspace\quizz management\src\apache-tomcat-11.0.4\webapps\manager]
30-Apr-2026 22:27:15.732 INFO [main] org.apache.catalina.startup.HostConfig.deployDirectory Deployment of web application directory [C:\Users\Nimbalkar Koushik\eclipse-workspace\quizz management\src\apache-tomcat-11.0.4\webapps\manager] has finished in [28] ms
30-Apr-2026 22:27:15.733 INFO [main] org.apache.catalina.startup.HostConfig.deployDirectory Deploying web application directory [C:\Users\Nimbalkar Koushik\eclipse-workspace\quizz management\src\apache-tomcat-11.0.4\webapps\ROOT]
30-Apr-2026 22:27:15.758 INFO [main] org.apache.catalina.startup.HostConfig.deployDirectory Deployment of web application directory [C:\Users\Nimbalkar Koushik\eclipse-workspace\quizz management\src\apache-tomcat-11.0.4\webapps\ROOT] has finished in [25] ms
30-Apr-2026 22:27:15.761 INFO [main] org.apache.coyote.AbstractProtocol.start Starting ProtocolHandler ["http-nio-8080"]
30-Apr-2026 22:27:15.799 INFO [main] org.apache.catalina.startup.Catalina.start Server startup in [983] milliseconds
30-Apr-2026 22:30:16.180 INFO [Catalina-utility-2] org.apache.catalina.startup.HostConfig.deployDirectory Deploying web application directory [C:\Users\Nimbalkar Koushik\eclipse-workspace\quizz management\src\apache-tomcat-11.0.4\webapps\quizz_management]
30-Apr-2026 22:30:18.238 INFO [Catalina-utility-2] org.apache.jasper.servlet.TldScanner.scanJars At least one JAR was scanned for TLDs yet contained no TLDs. Enable debug logging for this logger for a complete list of JARs that were scanned but no TLDs were found in them. Skipping unneeded JARs during scanning can improve startup time and JSP compilation time.
30-Apr-2026 22:30:18.330 INFO [Catalina-utility-2] org.apache.catalina.startup.HostConfig.deployDirectory Deployment of web application directory [C:\Users\Nimbalkar Koushik\eclipse-workspace\quizz management\src\apache-tomcat-11.0.4\webapps\quizz_management] has finished in [2,150] ms
